ERC report (2025-09-24T19:02:02-0700, Encoding UTF8)

***** Sheet /
[endpoint_off_grid]: Symbol pin or wire end off connection grid
    ; warning
    @(57.785 mm, 68.58 mm): Vertical Wire, length 5.08 mm
[endpoint_off_grid]: Symbol pin or wire end off connection grid
    ; warning
    @(69.85 mm, 68.58 mm): Horizontal Wire, length 12.065 mm
[lib_symbol_mismatch]: Symbol 'GND' doesn't match copy in library 'power'
    ; warning
    @(49.53 mm, 74.93 mm): Symbol #PWR08 [GND]
[endpoint_off_grid]: Symbol pin or wire end off connection grid
    ; warning
    @(57.785 mm, 73.66 mm): Horizontal Wire, length 1.905 mm
[endpoint_off_grid]: Symbol pin or wire end off connection grid
    ; warning
    @(59.69 mm, 73.66 mm): Horizontal Wire, length 1.905 mm
[endpoint_off_grid]: Symbol pin or wire end off connection grid
    ; warning
    @(61.595 mm, 73.66 mm): Symbol C5 Pin 1 [Passive, Line]
[pin_to_pin]: Pins of type Unspecified and Passive are connected
    ; warning
    @(69.85 mm, 68.58 mm): Symbol L2 Pin 1 [1, Unspecified, Line]
    @(61.595 mm, 73.66 mm): Symbol C5 Pin 1 [Passive, Line]
[lib_symbol_mismatch]: Symbol 'GND' doesn't match copy in library 'power'
    ; warning
    @(46.99 mm, 86.36 mm): Symbol #PWR010 [GND]
[footprint_link_issues]: The current configuration does not include the footprint library 'PCM_JLCPCB'.
    ; warning
    @(65.405 mm, 73.66 mm): Symbol C5 [0805,10uF,(2)]
[lib_symbol_issues]: The current configuration does not include the symbol library 'PCM_JLCPCB-Capacitors'
    ; warning
    @(65.405 mm, 73.66 mm): Symbol C5 [0805,10uF,(2)]
[power_pin_not_driven]: Input Power pin not driven by any Output Power pins
    ; error
    @(59.69 mm, 81.28 mm): Symbol U1 Pin 3 [VCC, Power input, Line]
[endpoint_off_grid]: Symbol pin or wire end off connection grid
    ; warning
    @(69.215 mm, 73.66 mm): Horizontal Wire, length 1.905 mm
[pin_to_pin]: Pins of type Output and Output are connected
    ; error
    @(48.26 mm, 88.90 mm): Symbol U1 Pin 5 [Vref, Output, Line]
    @(297.18 mm, 226.06 mm): Symbol U3 Pin 5 [Vref, Output, Line]
[endpoint_off_grid]: Symbol pin or wire end off connection grid
    ; warning
    @(43.815 mm, 91.44 mm): Horizontal Wire, length 4.445 mm
[endpoint_off_grid]: Symbol pin or wire end off connection grid
    ; warning
    @(43.815 mm, 91.44 mm): Vertical Wire, length 27.94 mm
[footprint_link_issues]: The current configuration does not include the footprint library 'easyeda2kicad'.
    ; warning
    @(74.93 mm, 68.58 mm): Symbol L2 [GZ1608D601TF]
[lib_symbol_issues]: The current configuration does not include the symbol library 'easyeda2kicad'
    ; warning
    @(74.93 mm, 68.58 mm): Symbol L2 [GZ1608D601TF]
[lib_symbol_mismatch]: Symbol 'GND' doesn't match copy in library 'power'
    ; warning
    @(71.12 mm, 73.66 mm): Symbol #PWR011 [GND]
[endpoint_off_grid]: Symbol pin or wire end off connection grid
    ; warning
    @(46.355 mm, 93.98 mm): Vertical Wire, length 25.40 mm
[endpoint_off_grid]: Symbol pin or wire end off connection grid
    ; warning
    @(48.26 mm, 93.98 mm): Horizontal Wire, length 1.905 mm
[pin_to_pin]: Pins of type Unspecified and Power input are connected
    ; warning
    @(80.01 mm, 68.58 mm): Symbol L2 Pin 2 [2, Unspecified, Line]
    @(348.615 mm, 204.47 mm): Symbol #PWR044 Pin 1 [Power input, Line]
[lib_symbol_mismatch]: Symbol 'SN65HVD230' doesn't match copy in library 'Interface_CAN_LIN'
    ; warning
    @(58.42 mm, 91.44 mm): Symbol U1 [SN65HVD230]
[endpoint_off_grid]: Symbol pin or wire end off connection grid
    ; warning
    @(41.275 mm, 104.14 mm): Vertical Wire, length 5.08 mm
[global_label_dangling]: Global label not connected anywhere else in the schematic
    ; warning
    @(41.275 mm, 104.14 mm): Global Label '3.3V'
[endpoint_off_grid]: Symbol pin or wire end off connection grid
    ; warning
    @(41.275 mm, 109.22 mm): Horizontal Wire, length 0.635 mm
[footprint_link_issues]: The current configuration does not include the footprint library 'PCM_JLCPCB'.
    ; warning
    @(76.20 mm, 93.98 mm): Symbol C6 [0603,4.7nF]
[lib_symbol_issues]: The current configuration does not include the symbol library 'PCM_JLCPCB-Capacitors'
    ; warning
    @(76.20 mm, 93.98 mm): Symbol C6 [0603,4.7nF]
[endpoint_off_grid]: Symbol pin or wire end off connection grid
    ; warning
    @(36.83 mm, 117.475 mm): Vertical Wire, length 1.905 mm
[endpoint_off_grid]: Symbol pin or wire end off connection grid
    ; warning
    @(43.815 mm, 119.38 mm): Horizontal Wire, length 0.635 mm
[endpoint_off_grid]: Symbol pin or wire end off connection grid
    ; warning
    @(46.355 mm, 119.38 mm): Horizontal Wire, length 0.635 mm
[same_local_global_label]: Local and global labels have same name
    ; warning
    @(90.17 mm, 93.98 mm): Global Label 'Vref'
    @(289.56 mm, 226.06 mm): Label 'Vref'
[power_pin_not_driven]: Input Power pin not driven by any Output Power pins
    ; error
    @(116.84 mm, 62.23 mm): Symbol D1 Pin 2 [I/O, Power input, Line]
[power_pin_not_driven]: Input Power pin not driven by any Output Power pins
    ; error
    @(127.00 mm, 49.53 mm): Symbol D1 Pin 1 [IO, Power input, Line]
[lib_symbol_mismatch]: Symbol 'GND' doesn't match copy in library 'power'
    ; warning
    @(72.39 mm, 115.57 mm): Symbol #PWR03 [GND]
[footprint_link_issues]: The current configuration does not include the footprint library 'easyeda2kicad'.
    ; warning
    @(123.19 mm, 60.96 mm): Symbol D1 [ESD2CANFD24DBZRQ1]
[lib_symbol_issues]: The current configuration does not include the symbol library 'easyeda2kicad'
    ; warning
    @(123.19 mm, 60.96 mm): Symbol D1 [ESD2CANFD24DBZRQ1]
[pin_to_pin]: Pins of type Unspecified and Passive are connected
    ; warning
    @(104.14 mm, 91.44 mm): Symbol L4 Pin 2 [2, Unspecified, Line]
    @(81.28 mm, 82.55 mm): Symbol R6 Pin 1 [Passive, Line]
[pin_to_pin]: Pins of type Unspecified and Power input are connected
    ; warning
    @(72.39 mm, 119.38 mm): Symbol Teensy4.1 Pin  [GND, Unspecified, Line]
    @(72.39 mm, 115.57 mm): Symbol #PWR03 Hidden pin 1 [GND, Power input, Line]
[pin_to_pin]: Pins of type Unspecified and Passive are connected
    ; warning
    @(104.14 mm, 96.52 mm): Symbol L4 Pin 1 [1, Unspecified, Line]
    @(81.28 mm, 104.14 mm): Symbol R17 Pin 2 [Passive, Line]
[footprint_link_issues]: The current configuration does not include the footprint library 'easyeda2kicad'.
    ; warning
    @(109.22 mm, 93.98 mm): Symbol L4 [ACT1210-101-2P-TL00]
[lib_symbol_issues]: The current configuration does not include the symbol library 'easyeda2kicad'
    ; warning
    @(109.22 mm, 93.98 mm): Symbol L4 [ACT1210-101-2P-TL00]
[pin_to_pin]: Pins of type Unspecified and Power input are connected
    ; warning
    @(36.83 mm, 139.70 mm): Symbol Teensy4.1 Pin GND1 [GND, Unspecified, Line]
    @(36.83 mm, 140.97 mm): Symbol #PWR02 Hidden pin 1 [GND, Power input, Line]
[lib_symbol_mismatch]: Symbol 'GND' doesn't match copy in library 'power'
    ; warning
    @(36.83 mm, 140.97 mm): Symbol #PWR02 [GND]
[pin_to_pin]: Pins of type Unspecified and Power input are connected
    ; warning
    @(114.30 mm, 91.44 mm): Symbol L4 Pin 3 [3, Unspecified, Line]
    @(127.00 mm, 49.53 mm): Symbol D1 Pin 1 [IO, Power input, Line]
[lib_symbol_mismatch]: Symbol 'GND' doesn't match copy in library 'power'
    ; warning
    @(127.00 mm, 74.93 mm): Symbol #PWR012 [GND]
[pin_to_pin]: Pins of type Unspecified and Power input are connected
    ; warning
    @(114.30 mm, 96.52 mm): Symbol L4 Pin 4 [4, Unspecified, Line]
    @(116.84 mm, 62.23 mm): Symbol D1 Pin 2 [I/O, Power input, Line]
[endpoint_off_grid]: Symbol pin or wire end off connection grid
    ; warning
    @(116.205 mm, 96.52 mm): Horizontal Wire, length 1.905 mm
[endpoint_off_grid]: Symbol pin or wire end off connection grid
    ; warning
    @(116.205 mm, 99.06 mm): Vertical Wire, length 2.54 mm
[unconnected_wire_endpoint]: Unconnected wire endpoint
    ; warning
    @(67.31 mm, 138.43 mm): Vertical Wire, length 1.27 mm
[footprint_link_issues]: The current configuration does not include the footprint library 'MODULE_DEV-16771'.
    ; warning
    @(74.93 mm, 137.16 mm): Symbol Teensy4.1 [teensy4.1]
[lib_symbol_issues]: The current configuration does not include the symbol library 'teensy'
    ; warning
    @(74.93 mm, 137.16 mm): Symbol Teensy4.1 [teensy4.1]
[no_connect_dangling]: Unconnected "no connection" flag
    ; warning
    @(90.17 mm, 132.08 mm): No Connect
[endpoint_off_grid]: Symbol pin or wire end off connection grid
    ; warning
    @(141.605 mm, 106.68 mm): Symbol #PWR07 Hidden pin 1 [GND, Power input, Line]
[endpoint_off_grid]: Symbol pin or wire end off connection grid
    ; warning
    @(140.97 mm, 106.68 mm): Horizontal Wire, length 0.635 mm
[lib_symbol_mismatch]: Symbol 'GND' doesn't match copy in library 'power'
    ; warning
    @(141.605 mm, 106.68 mm): Symbol #PWR07 [GND]
[global_label_dangling]: Global label not connected anywhere else in the schematic
    ; warning
    @(66.04 mm, 165.10 mm): Global Label 'Reset'
[unconnected_wire_endpoint]: Unconnected wire endpoint
    ; warning
    @(57.15 mm, 168.91 mm): Vertical Wire, length 1.27 mm
[lib_symbol_mismatch]: Symbol 'AO3400A' doesn't match copy in library 'Transistor_FET'
    ; warning
    @(59.69 mm, 172.72 mm): Symbol Q13 [AO3400A]
[endpoint_off_grid]: Symbol pin or wire end off connection grid
    ; warning
    @(161.925 mm, 91.44 mm): Symbol RE46C1 Pin 1 [NC, Input, Line]
[unconnected_wire_endpoint]: Unconnected wire endpoint
    ; warning
    @(82.55 mm, 167.64 mm): Vertical Wire, length 1.27 mm
[endpoint_off_grid]: Symbol pin or wire end off connection grid
    ; warning
    @(140.97 mm, 96.52 mm): Horizontal Wire, length 20.955 mm
[global_label_dangling]: Global label not connected anywhere else in the schematic
    ; warning
    @(91.44 mm, 165.10 mm): Global Label 'BMS_Fault'
[endpoint_off_grid]: Symbol pin or wire end off connection grid
    ; warning
    @(158.115 mm, 106.68 mm): Vertical Wire, length 13.335 mm
[lib_symbol_mismatch]: Symbol 'GND' doesn't match copy in library 'power'
    ; warning
    @(66.04 mm, 179.07 mm): Symbol #PWR019 [GND]
[lib_symbol_mismatch]: Symbol 'AO3400A' doesn't match copy in library 'Transistor_FET'
    ; warning
    @(85.09 mm, 172.72 mm): Symbol Q1 [AO3400A]
[endpoint_off_grid]: Symbol pin or wire end off connection grid
    ; warning
    @(161.925 mm, 106.68 mm): Horizontal Wire, length 3.81 mm
[lib_symbol_mismatch]: Symbol 'GND' doesn't match copy in library 'power'
    ; warning
    @(82.55 mm, 177.80 mm): Symbol #PWR013 [GND]
[endpoint_off_grid]: Symbol pin or wire end off connection grid
    ; warning
    @(158.115 mm, 120.015 mm): Horizontal Wire, length 31.75 mm
[lib_symbol_issues]: The current configuration does not include the symbol library 'FSAE'
    ; warning
    @(172.085 mm, 99.06 mm): Symbol RE46C1 [RE46C100]
[lib_symbol_mismatch]: Symbol 'GND' doesn't match copy in library 'power'
    ; warning
    @(91.44 mm, 179.07 mm): Symbol #PWR021 [GND]
[global_label_dangling]: Global label not connected anywhere else in the schematic
    ; warning
    @(118.11 mm, 165.10 mm): Global Label 'IMD_Fault'
[endpoint_off_grid]: Symbol pin or wire end off connection grid
    ; warning
    @(182.245 mm, 91.44 mm): Horizontal Wire, length 6.35 mm
[lib_symbol_mismatch]: Symbol 'AO3400A' doesn't match copy in library 'Transistor_FET'
    ; warning
    @(111.76 mm, 172.72 mm): Symbol Q2 [AO3400A]
[endpoint_off_grid]: Symbol pin or wire end off connection grid
    ; warning
    @(182.245 mm, 96.52 mm): Horizontal Wire, length 22.86 mm
[endpoint_off_grid]: Symbol pin or wire end off connection grid
    ; warning
    @(188.595 mm, 83.82 mm): Vertical Wire, length 7.62 mm
[endpoint_off_grid]: Symbol pin or wire end off connection grid
    ; warning
    @(182.88 mm, 83.82 mm): Horizontal Wire, length 5.715 mm
[endpoint_off_grid]: Symbol pin or wire end off connection grid
    ; warning
    @(188.595 mm, 83.82 mm): Horizontal Wire, length 78.105 mm
[endpoint_off_grid]: Symbol pin or wire end off connection grid
    ; warning
    @(182.245 mm, 101.60 mm): Horizontal Wire, length 7.62 mm
[lib_symbol_mismatch]: Symbol 'GND' doesn't match copy in library 'power'
    ; warning
    @(109.22 mm, 177.80 mm): Symbol #PWR014 [GND]
[endpoint_off_grid]: Symbol pin or wire end off connection grid
    ; warning
    @(182.245 mm, 106.68 mm): Horizontal Wire, length 1.905 mm
[endpoint_off_grid]: Symbol pin or wire end off connection grid
    ; warning
    @(76.835 mm, 196.85 mm): Horizontal Wire, length 3.175 mm
[lib_symbol_mismatch]: Symbol 'GND' doesn't match copy in library 'power'
    ; warning
    @(184.15 mm, 106.68 mm): Symbol #PWR06 [GND]
[lib_symbol_mismatch]: Symbol 'GND' doesn't match copy in library 'power'
    ; warning
    @(118.11 mm, 179.07 mm): Symbol #PWR023 [GND]
[endpoint_off_grid]: Symbol pin or wire end off connection grid
    ; warning
    @(189.865 mm, 101.60 mm): Vertical Wire, length 6.35 mm
[endpoint_off_grid]: Symbol pin or wire end off connection grid
    ; warning
    @(189.865 mm, 101.60 mm): Horizontal Wire, length 10.795 mm
[endpoint_off_grid]: Symbol pin or wire end off connection grid
    ; warning
    @(75.565 mm, 201.93 mm): Horizontal Wire, length 4.445 mm
[endpoint_off_grid]: Symbol pin or wire end off connection grid
    ; warning
    @(75.565 mm, 204.47 mm): Horizontal Wire, length 4.445 mm
[endpoint_off_grid]: Symbol pin or wire end off connection grid
    ; warning
    @(75.565 mm, 204.47 mm): Symbol #PWR018 Hidden pin 1 [GND, Power input, Line]
[lib_symbol_mismatch]: Symbol 'GND' doesn't match copy in library 'power'
    ; warning
    @(75.565 mm, 204.47 mm): Symbol #PWR018 [GND]
[endpoint_off_grid]: Symbol pin or wire end off connection grid
    ; warning
    @(189.865 mm, 107.95 mm): Symbol R2 Pin 1 [Passive, Line]
[endpoint_off_grid]: Symbol pin or wire end off connection grid
    ; warning
    @(78.105 mm, 207.01 mm): Horizontal Wire, length 1.905 mm
[endpoint_off_grid]: Symbol pin or wire end off connection grid
    ; warning
    @(189.865 mm, 115.57 mm): Vertical Wire, length 4.445 mm
[endpoint_off_grid]: Symbol pin or wire end off connection grid
    ; warning
    @(78.105 mm, 209.55 mm): Horizontal Wire, length 1.905 mm
[endpoint_off_grid]: Symbol pin or wire end off connection grid
    ; warning
    @(189.865 mm, 120.015 mm): Horizontal Wire, length 6.35 mm
[no_connect_dangling]: Unconnected "no connection" flag
    ; warning
    @(111.76 mm, 196.85 mm): No Connect
[endpoint_off_grid]: Symbol pin or wire end off connection grid
    ; warning
    @(205.105 mm, 96.52 mm): Horizontal Wire, length 5.715 mm
[endpoint_off_grid]: Symbol pin or wire end off connection grid
    ; warning
    @(205.105 mm, 96.52 mm): Vertical Wire, length 5.08 mm
[endpoint_off_grid]: Symbol pin or wire end off connection grid
    ; warning
    @(196.215 mm, 120.015 mm): Horizontal Wire, length 14.605 mm
[endpoint_off_grid]: Symbol pin or wire end off connection grid
    ; warning
    @(196.215 mm, 120.015 mm): Vertical Wire, length 1.27 mm
[endpoint_off_grid]: Symbol pin or wire end off connection grid
    ; warning
    @(114.935 mm, 199.39 mm): Symbol #PWR04 Hidden pin 1 [GND, Power input, Line]
[endpoint_off_grid]: Symbol pin or wire end off connection grid
    ; warning
    @(114.935 mm, 199.39 mm): Horizontal Wire, length 4.445 mm
[lib_symbol_mismatch]: Symbol 'GND' doesn't match copy in library 'power'
    ; warning
    @(114.935 mm, 199.39 mm): Symbol #PWR04 [GND]
[endpoint_off_grid]: Symbol pin or wire end off connection grid
    ; warning
    @(113.665 mm, 201.93 mm): Horizontal Wire, length 3.175 mm
[endpoint_off_grid]: Symbol pin or wire end off connection grid
    ; warning
    @(196.215 mm, 128.905 mm): Symbol R3 Pin 1 [Passive, Line]
[footprint_link_issues]: The current configuration does not include the footprint library 'TE_DTM1312PC12PDR008'.
    ; warning
    @(95.25 mm, 214.63 mm): Symbol P1 [DTM1312PC12PDR008]
[lib_symbol_issues]: The current configuration does not include the symbol library 'DTM1312PC12PDR008'
    ; warning
    @(95.25 mm, 214.63 mm): Symbol P1 [DTM1312PC12PDR008]
[endpoint_off_grid]: Symbol pin or wire end off connection grid
    ; warning
    @(196.215 mm, 130.175 mm): Vertical Wire, length 1.27 mm
[endpoint_off_grid]: Symbol pin or wire end off connection grid
    ; warning
    @(210.82 mm, 110.49 mm): Vertical Wire, length 9.525 mm
[lib_symbol_mismatch]: Symbol 'GND' doesn't match copy in library 'power'
    ; warning
    @(222.25 mm, 106.68 mm): Symbol #PWR05 [GND]
[global_label_dangling]: Global label not connected anywhere else in the schematic
    ; warning
    @(111.76 mm, 227.33 mm): Global Label 'Speaker3_G'
[global_label_dangling]: Global label not connected anywhere else in the schematic
    ; warning
    @(111.76 mm, 229.87 mm): Global Label 'Speaker3_F'
[global_label_dangling]: Global label not connected anywhere else in the schematic
    ; warning
    @(111.76 mm, 232.41 mm): Global Label 'Speaker3_M'
[endpoint_off_grid]: Symbol pin or wire end off connection grid
    ; warning
    @(168.275 mm, 195.58 mm): Horizontal Wire, length 0.635 mm
[lib_symbol_issues]: The current configuration does not include the symbol library 'FSAE'
    ; warning
    @(250.19 mm, 99.06 mm): Symbol RE46C2 [RE46C100]
[lib_symbol_mismatch]: Symbol 'GND' doesn't match copy in library 'power'
    ; warning
    @(171.45 mm, 209.55 mm): Symbol #PWR016 [GND]
[endpoint_off_grid]: Symbol pin or wire end off connection grid
    ; warning
    @(182.88 mm, 205.105 mm): Symbol #PWR015 Hidden pin 1 [GND, Power input, Line]
[endpoint_off_grid]: Symbol pin or wire end off connection grid
    ; warning
    @(182.88 mm, 205.105 mm): Vertical Wire, length 1.905 mm
[lib_symbol_mismatch]: Symbol 'GND' doesn't match copy in library 'power'
    ; warning
    @(182.88 mm, 205.105 mm): Symbol #PWR015 [GND]
[lib_symbol_mismatch]: Symbol 'GND' doesn't match copy in library 'power'
    ; warning
    @(264.16 mm, 106.68 mm): Symbol #PWR09 [GND]
[lib_symbol_mismatch]: Symbol 'GND' doesn't match copy in library 'power'
    ; warning
    @(193.04 mm, 209.55 mm): Symbol #PWR017 [GND]
[endpoint_off_grid]: Symbol pin or wire end off connection grid
    ; warning
    @(269.875 mm, 101.60 mm): Horizontal Wire, length 11.43 mm
[endpoint_off_grid]: Symbol pin or wire end off connection grid
    ; warning
    @(269.875 mm, 101.60 mm): Vertical Wire, length 6.35 mm
[endpoint_off_grid]: Symbol pin or wire end off connection grid
    ; warning
    @(260.35 mm, 101.60 mm): Horizontal Wire, length 9.525 mm
[endpoint_off_grid]: Symbol pin or wire end off connection grid
    ; warning
    @(269.875 mm, 107.95 mm): Symbol R4 Pin 1 [Passive, Line]
[endpoint_off_grid]: Symbol pin or wire end off connection grid
    ; warning
    @(269.875 mm, 115.57 mm): Vertical Wire, length 5.08 mm
[endpoint_off_grid]: Symbol pin or wire end off connection grid
    ; warning
    @(236.22 mm, 120.65 mm): Horizontal Wire, length 33.655 mm
[endpoint_off_grid]: Symbol pin or wire end off connection grid
    ; warning
    @(269.875 mm, 120.65 mm): Horizontal Wire, length 3.81 mm
[endpoint_off_grid]: Symbol pin or wire end off connection grid
    ; warning
    @(281.305 mm, 101.60 mm): Vertical Wire, length 1.27 mm
[endpoint_off_grid]: Symbol pin or wire end off connection grid
    ; warning
    @(273.685 mm, 120.65 mm): Vertical Wire, length 1.27 mm
[endpoint_off_grid]: Symbol pin or wire end off connection grid
    ; warning
    @(273.685 mm, 120.65 mm): Horizontal Wire, length 18.415 mm
[endpoint_off_grid]: Symbol pin or wire end off connection grid
    ; warning
    @(260.35 mm, 96.52 mm): Horizontal Wire, length 26.035 mm
[endpoint_off_grid]: Symbol pin or wire end off connection grid
    ; warning
    @(286.385 mm, 96.52 mm): Horizontal Wire, length 5.715 mm
[endpoint_off_grid]: Symbol pin or wire end off connection grid
    ; warning
    @(273.685 mm, 129.54 mm): Symbol R5 Pin 1 [Passive, Line]
[endpoint_off_grid]: Symbol pin or wire end off connection grid
    ; warning
    @(286.385 mm, 102.87 mm): Vertical Wire, length 6.35 mm
[endpoint_off_grid]: Symbol pin or wire end off connection grid
    ; warning
    @(292.10 mm, 104.775 mm): Symbol C3 Pin 1 [Passive, Line]
[endpoint_off_grid]: Symbol pin or wire end off connection grid
    ; warning
    @(292.10 mm, 104.775 mm): Vertical Wire, length 8.255 mm
[endpoint_off_grid]: Symbol pin or wire end off connection grid
    ; warning
    @(292.10 mm, 112.395 mm): Vertical Wire, length 8.255 mm
[lib_symbol_mismatch]: Symbol 'GND' doesn't match copy in library 'power'
    ; warning
    @(289.56 mm, 223.52 mm): Symbol #PWR020 [GND]
[lib_symbol_mismatch]: Symbol 'GND' doesn't match copy in library 'power'
    ; warning
    @(299.72 mm, 212.09 mm): Symbol #PWR047 [GND]
[footprint_link_issues]: The current configuration does not include the footprint library 'PCM_JLCPCB'.
    ; warning
    @(293.37 mm, 223.52 mm): Symbol R7 [0603,0Ω]
[lib_symbol_issues]: The current configuration does not include the symbol library 'PCM_JLCPCB-Resistors'
    ; warning
    @(293.37 mm, 223.52 mm): Symbol R7 [0603,0Ω]
[endpoint_off_grid]: Symbol pin or wire end off connection grid
    ; warning
    @(291.465 mm, 228.60 mm): Horizontal Wire, length 5.715 mm
[global_label_dangling]: Global label not connected anywhere else in the schematic
    ; warning
    @(291.465 mm, 228.60 mm): Global Label 'CANRX'
[endpoint_off_grid]: Symbol pin or wire end off connection grid
    ; warning
    @(308.61 mm, 205.105 mm): Vertical Wire, length 5.715 mm
[endpoint_off_grid]: Symbol pin or wire end off connection grid
    ; warning
    @(297.18 mm, 231.14 mm): Horizontal Wire, length 6.985 mm
[global_label_dangling]: Global label not connected anywhere else in the schematic
    ; warning
    @(290.195 mm, 231.14 mm): Global Label 'CANTX'
[endpoint_off_grid]: Symbol pin or wire end off connection grid
    ; warning
    @(308.61 mm, 210.82 mm): Horizontal Wire, length 3.175 mm
[endpoint_off_grid]: Symbol pin or wire end off connection grid
    ; warning
    @(311.785 mm, 210.82 mm): Symbol C7 Pin 1 [Passive, Line]
[pin_not_driven]: Input pin not driven by any Output pins
    ; error
    @(297.18 mm, 231.14 mm): Symbol U3 Pin 1 [D, Input, Line]
[power_pin_not_driven]: Input Power pin not driven by any Output Power pins
    ; error
    @(308.61 mm, 218.44 mm): Symbol U3 Pin 3 [VCC, Power input, Line]
[endpoint_off_grid]: Symbol pin or wire end off connection grid
    ; warning
    @(308.61 mm, 215.90 mm): Horizontal Wire, length 3.175 mm
[footprint_link_issues]: The current configuration does not include the footprint library 'PCM_JLCPCB'.
    ; warning
    @(315.595 mm, 210.82 mm): Symbol C7 [0805,10uF,(2)]
[lib_symbol_issues]: The current configuration does not include the symbol library 'PCM_JLCPCB-Capacitors'
    ; warning
    @(315.595 mm, 210.82 mm): Symbol C7 [0805,10uF,(2)]
[endpoint_off_grid]: Symbol pin or wire end off connection grid
    ; warning
    @(320.675 mm, 205.105 mm): Horizontal Wire, length 12.065 mm
[endpoint_off_grid]: Symbol pin or wire end off connection grid
    ; warning
    @(320.675 mm, 205.105 mm): Symbol L1 Pin 1 [1, Unspecified, Line]
[pin_to_pin]: Pins of type Unspecified and Passive are connected
    ; warning
    @(320.675 mm, 205.105 mm): Symbol L1 Pin 1 [1, Unspecified, Line]
    @(311.785 mm, 210.82 mm): Symbol C7 Pin 1 [Passive, Line]
[footprint_link_issues]: The current configuration does not include the footprint library 'PCM_JLCPCB'.
    ; warning
    @(315.595 mm, 215.90 mm): Symbol C11 [0603,100nF]
[lib_symbol_issues]: The current configuration does not include the symbol library 'PCM_JLCPCB-Capacitors'
    ; warning
    @(315.595 mm, 215.90 mm): Symbol C11 [0603,100nF]
[endpoint_off_grid]: Symbol pin or wire end off connection grid
    ; warning
    @(319.405 mm, 210.82 mm): Horizontal Wire, length 2.54 mm
[lib_symbol_mismatch]: Symbol 'SN65HVD230' doesn't match copy in library 'Interface_CAN_LIN'
    ; warning
    @(307.34 mm, 228.60 mm): Symbol U3 [SN65HVD230]
[endpoint_off_grid]: Symbol pin or wire end off connection grid
    ; warning
    @(321.945 mm, 210.82 mm): Vertical Wire, length 5.08 mm
[footprint_link_issues]: The current configuration does not include the footprint library 'easyeda2kicad'.
    ; warning
    @(325.755 mm, 205.105 mm): Symbol L1 [GZ1608D601TF]
[lib_symbol_issues]: The current configuration does not include the symbol library 'easyeda2kicad'
    ; warning
    @(325.755 mm, 205.105 mm): Symbol L1 [GZ1608D601TF]
[endpoint_off_grid]: Symbol pin or wire end off connection grid
    ; warning
    @(319.405 mm, 215.90 mm): Symbol C11 Pin 2 [Passive, Line]
[endpoint_off_grid]: Symbol pin or wire end off connection grid
    ; warning
    @(319.405 mm, 218.44 mm): Horizontal Wire, length 23.495 mm
[endpoint_off_grid]: Symbol pin or wire end off connection grid
    ; warning
    @(319.405 mm, 218.44 mm): Vertical Wire, length 7.62 mm
[endpoint_off_grid]: Symbol pin or wire end off connection grid
    ; warning
    @(321.945 mm, 215.90 mm): Symbol #PWR022 Hidden pin 1 [GND, Power input, Line]
[endpoint_off_grid]: Symbol pin or wire end off connection grid
    ; warning
    @(321.945 mm, 215.90 mm): Horizontal Wire, length 2.54 mm
[lib_symbol_mismatch]: Symbol 'GND' doesn't match copy in library 'power'
    ; warning
    @(321.945 mm, 215.90 mm): Symbol #PWR022 [GND]
[endpoint_off_grid]: Symbol pin or wire end off connection grid
    ; warning
    @(330.835 mm, 205.105 mm): Horizontal Wire, length 15.24 mm
[pin_to_pin]: Pins of type Unspecified and Passive are connected
    ; warning
    @(330.835 mm, 205.105 mm): Symbol L1 Pin 2 [2, Unspecified, Line]
    @(346.075 mm, 204.47 mm): Symbol J7 Pin 2 [Pin_2, Passive, Line]
[endpoint_off_grid]: Symbol pin or wire end off connection grid
    ; warning
    @(319.405 mm, 226.06 mm): Horizontal Wire, length 1.905 mm
[endpoint_off_grid]: Symbol pin or wire end off connection grid
    ; warning
    @(323.215 mm, 230.505 mm): Symbol #PWR024 Hidden pin 1 [GND, Power input, Line]
[lib_symbol_mismatch]: Symbol 'GND' doesn't match copy in library 'power'
    ; warning
    @(323.215 mm, 230.505 mm): Symbol #PWR024 [GND]
[endpoint_off_grid]: Symbol pin or wire end off connection grid
    ; warning
    @(332.74 mm, 220.345 mm): Horizontal Wire, length 1.27 mm
[endpoint_off_grid]: Symbol pin or wire end off connection grid
    ; warning
    @(332.74 mm, 220.345 mm): Symbol R7 Pin 2 [2, Input, Line]
[footprint_link_issues]: The current configuration does not include the footprint library 'PCM_JLCPCB'.
    ; warning
    @(327.025 mm, 230.505 mm): Symbol C18 [0603,4.7nF]
[lib_symbol_issues]: The current configuration does not include the symbol library 'PCM_JLCPCB-Capacitors'
    ; warning
    @(327.025 mm, 230.505 mm): Symbol C18 [0603,4.7nF]
[endpoint_off_grid]: Symbol pin or wire end off connection grid
    ; warning
    @(334.01 mm, 220.345 mm): Symbol R15 Pin 1 [Passive, Line]
[duplicate_reference]: Duplicate items R7

    ; error
    @(332.74 mm, 225.425 mm): Symbol R7 [0603WAF604JT5E]
    @(293.37 mm, 223.52 mm): Symbol R7 [0603,0Ω]
[footprint_link_issues]: The current configuration does not include the footprint library 'easyeda2kicad'.
    ; warning
    @(332.74 mm, 225.425 mm): Symbol R7 [0603WAF604JT5E]
[lib_symbol_issues]: The current configuration does not include the symbol library 'easyeda2kicad'
    ; warning
    @(332.74 mm, 225.425 mm): Symbol R7 [0603WAF604JT5E]
[endpoint_off_grid]: Symbol pin or wire end off connection grid
    ; warning
    @(346.075 mm, 205.105 mm): Vertical Wire, length 0.635 mm
[endpoint_off_grid]: Symbol pin or wire end off connection grid
    ; warning
    @(330.835 mm, 230.505 mm): Symbol C18 Pin 1 [Passive, Line]
[endpoint_off_grid]: Symbol pin or wire end off connection grid
    ; warning
    @(330.835 mm, 230.505 mm): Horizontal Wire, length 1.905 mm
[footprint_link_issues]: The current configuration does not include the footprint library 'PCM_JLCPCB'.
    ; warning
    @(337.82 mm, 220.345 mm): Symbol R15 [0402,0Ω]
[lib_symbol_issues]: The current configuration does not include the symbol library 'PCM_JLCPCB-Resistors'
    ; warning
    @(337.82 mm, 220.345 mm): Symbol R15 [0402,0Ω]
[endpoint_off_grid]: Symbol pin or wire end off connection grid
    ; warning
    @(348.615 mm, 204.47 mm): Symbol J7 Pin 1 [Pin_1, Passive, Line]
[endpoint_off_grid]: Symbol pin or wire end off connection grid
    ; warning
    @(348.615 mm, 204.47 mm): Symbol #PWR044 Pin 1 [Power input, Line]
[power_pin_not_driven]: Input Power pin not driven by any Output Power pins
    ; error
    @(348.615 mm, 204.47 mm): Symbol #PWR044 Pin 1 [Power input, Line]
[endpoint_off_grid]: Symbol pin or wire end off connection grid
    ; warning
    @(332.74 mm, 230.505 mm): Horizontal Wire, length 2.54 mm
[endpoint_off_grid]: Symbol pin or wire end off connection grid
    ; warning
    @(332.74 mm, 230.505 mm): Symbol R8 Pin 2 [2, Input, Line]
[endpoint_off_grid]: Symbol pin or wire end off connection grid
    ; warning
    @(341.63 mm, 220.345 mm): Horizontal Wire, length 1.27 mm
[endpoint_off_grid]: Symbol pin or wire end off connection grid
    ; warning
    @(342.90 mm, 220.345 mm): Vertical Wire, length 1.905 mm
[footprint_link_issues]: The current configuration does not include the footprint library 'easyeda2kicad'.
    ; warning
    @(332.74 mm, 235.585 mm): Symbol R8 [0603WAF604JT5E]
[lib_symbol_issues]: The current configuration does not include the symbol library 'easyeda2kicad'
    ; warning
    @(332.74 mm, 235.585 mm): Symbol R8 [0603WAF604JT5E]
[endpoint_off_grid]: Symbol pin or wire end off connection grid
    ; warning
    @(334.01 mm, 240.665 mm): Horizontal Wire, length 1.27 mm
[endpoint_off_grid]: Symbol pin or wire end off connection grid
    ; warning
    @(334.01 mm, 240.665 mm): Symbol R16 Pin 1 [Passive, Line]
[footprint_link_issues]: The current configuration does not include the footprint library 'PCM_JLCPCB'.
    ; warning
    @(337.82 mm, 240.665 mm): Symbol R16 [0402,0Ω]
[lib_symbol_issues]: The current configuration does not include the symbol library 'PCM_JLCPCB-Resistors'
    ; warning
    @(337.82 mm, 240.665 mm): Symbol R16 [0402,0Ω]
[endpoint_off_grid]: Symbol pin or wire end off connection grid
    ; warning
    @(341.63 mm, 240.665 mm): Horizontal Wire, length 1.27 mm
[endpoint_off_grid]: Symbol pin or wire end off connection grid
    ; warning
    @(342.90 mm, 240.665 mm): Vertical Wire, length 1.905 mm
[endpoint_off_grid]: Symbol pin or wire end off connection grid
    ; warning
    @(361.315 mm, 218.44 mm): Horizontal Wire, length 18.415 mm
[endpoint_off_grid]: Symbol pin or wire end off connection grid
    ; warning
    @(375.92 mm, 201.295 mm): Horizontal Wire, length 6.35 mm
[endpoint_off_grid]: Symbol pin or wire end off connection grid
    ; warning
    @(361.315 mm, 227.965 mm): Vertical Wire, length 9.525 mm
[pin_to_pin]: Pins of type Unspecified and Passive are connected
    ; warning
    @(361.315 mm, 227.965 mm): Symbol L3 Pin 2 [2, Unspecified, Line]
    @(341.63 mm, 220.345 mm): Symbol R15 Pin 2 [Passive, Line]
[endpoint_off_grid]: Symbol pin or wire end off connection grid
    ; warning
    @(372.11 mm, 213.995 mm): Symbol D4 Pin 2 [I/O, Power input, Line]
[power_pin_not_driven]: Input Power pin not driven by any Output Power pins
    ; error
    @(372.11 mm, 213.995 mm): Symbol D4 Pin 2 [I/O, Power input, Line]
[endpoint_off_grid]: Symbol pin or wire end off connection grid
    ; warning
    @(361.315 mm, 233.045 mm): Vertical Wire, length 9.525 mm
[endpoint_off_grid]: Symbol pin or wire end off connection grid
    ; warning
    @(361.315 mm, 233.045 mm): Symbol L3 Pin 1 [1, Unspecified, Line]
[pin_to_pin]: Pins of type Unspecified and Passive are connected
    ; warning
    @(361.315 mm, 233.045 mm): Symbol L3 Pin 1 [1, Unspecified, Line]
    @(341.63 mm, 240.665 mm): Symbol R16 Pin 2 [Passive, Line]
[power_pin_not_driven]: Input Power pin not driven by any Output Power pins
    ; error
    @(382.27 mm, 201.295 mm): Symbol D4 Pin 1 [IO, Power input, Line]
[footprint_link_issues]: The current configuration does not include the footprint library 'easyeda2kicad'.
    ; warning
    @(366.395 mm, 230.505 mm): Symbol L3 [ACT1210-101-2P-TL00]
[lib_symbol_issues]: The current configuration does not include the symbol library 'easyeda2kicad'
    ; warning
    @(366.395 mm, 230.505 mm): Symbol L3 [ACT1210-101-2P-TL00]
[footprint_link_issues]: The current configuration does not include the footprint library 'easyeda2kicad'.
    ; warning
    @(378.46 mm, 212.725 mm): Symbol D4 [ESD2CANFD24DBZRQ1]
[lib_symbol_issues]: The current configuration does not include the symbol library 'easyeda2kicad'
    ; warning
    @(378.46 mm, 212.725 mm): Symbol D4 [ESD2CANFD24DBZRQ1]
[endpoint_off_grid]: Symbol pin or wire end off connection grid
    ; warning
    @(342.90 mm, 242.57 mm): Horizontal Wire, length 18.415 mm
[endpoint_off_grid]: Symbol pin or wire end off connection grid
    ; warning
    @(371.475 mm, 227.965 mm): Horizontal Wire, length 2.54 mm
[pin_to_pin]: Pins of type Unspecified and Power input are connected
    ; warning
    @(371.475 mm, 227.965 mm): Symbol L3 Pin 3 [3, Unspecified, Line]
    @(382.27 mm, 201.295 mm): Symbol D4 Pin 1 [IO, Power input, Line]
[endpoint_off_grid]: Symbol pin or wire end off connection grid
    ; warning
    @(374.015 mm, 227.965 mm): Vertical Wire, length 1.27 mm
[pin_to_pin]: Pins of type Unspecified and Power input are connected
    ; warning
    @(371.475 mm, 233.045 mm): Symbol L3 Pin 4 [4, Unspecified, Line]
    @(372.11 mm, 213.995 mm): Symbol D4 Pin 2 [I/O, Power input, Line]
[endpoint_off_grid]: Symbol pin or wire end off connection grid
    ; warning
    @(373.38 mm, 233.045 mm): Horizontal Wire, length 1.905 mm
[endpoint_off_grid]: Symbol pin or wire end off connection grid
    ; warning
    @(373.38 mm, 235.585 mm): Vertical Wire, length 2.54 mm
[endpoint_off_grid]: Symbol pin or wire end off connection grid
    ; warning
    @(382.27 mm, 226.695 mm): Symbol #PWR034 Hidden pin 1 [GND, Power input, Line]
[lib_symbol_mismatch]: Symbol 'GND' doesn't match copy in library 'power'
    ; warning
    @(382.27 mm, 226.695 mm): Symbol #PWR034 [GND]

 ** ERC messages: 225  Errors 10  Warnings 215
